<?xml version="1.0" encoding="UTF-8"?>
<testng-results skipped="0" failed="0" ignored="0" total="8" passed="8">
  <reporter-output>
  </reporter-output>
  <suite name="Default suite" duration-ms="28612" started-at="2018-01-17T18:17:29Z" finished-at="2018-01-17T18:17:58Z">
    <groups>
    </groups>
    <test name="Default test" duration-ms="28612" started-at="2018-01-17T18:17:29Z" finished-at="2018-01-17T18:17:58Z">
      <class name="powerhouseed.powerhouseed.BasicTraversing">
        <test-method status="PASS" signature="beforeTest()[pri:0, instance:powerhouseed.powerhouseed.BasicTraversing@7c041b41]" name="beforeTest" is-config="true" duration-ms="16" started-at="2018-01-17T23:47:29Z" finished-at="2018-01-17T23:47:29Z">
          <reporter-output>
          </reporter-output>
        </test-method> <!-- beforeTest -->
        <test-method status="PASS" signature="Chronicle()[pri:1, instance:powerhouseed.powerhouseed.BasicTraversing@7c041b41]" name="Chronicle" duration-ms="11155" started-at="2018-01-17T23:47:29Z" finished-at="2018-01-17T23:47:40Z">
          <reporter-output>
          </reporter-output>
        </test-method> <!-- Chronicle -->
        <test-method status="PASS" signature="ChronicleNotes()[pri:2, instance:powerhouseed.powerhouseed.BasicTraversing@7c041b41]" name="ChronicleNotes" duration-ms="2513" started-at="2018-01-17T23:47:40Z" finished-at="2018-01-17T23:47:43Z">
          <reporter-output>
          </reporter-output>
        </test-method> <!-- ChronicleNotes -->
        <test-method status="PASS" signature="ChronicleU()[pri:3, instance:powerhouseed.powerhouseed.BasicTraversing@7c041b41]" name="ChronicleU" duration-ms="2559" started-at="2018-01-17T23:47:43Z" finished-at="2018-01-17T23:47:46Z">
          <reporter-output>
          </reporter-output>
        </test-method> <!-- ChronicleU -->
        <test-method status="PASS" signature="ESP()[pri:4, instance:powerhouseed.powerhouseed.BasicTraversing@7c041b41]" name="ESP" duration-ms="1172" started-at="2018-01-17T23:47:46Z" finished-at="2018-01-17T23:47:47Z">
          <reporter-output>
          </reporter-output>
        </test-method> <!-- ESP -->
        <test-method status="PASS" signature="testimonials()[pri:5, instance:powerhouseed.powerhouseed.BasicTraversing@7c041b41]" name="testimonials" duration-ms="1997" started-at="2018-01-17T23:47:47Z" finished-at="2018-01-17T23:47:49Z">
          <reporter-output>
          </reporter-output>
        </test-method> <!-- testimonials -->
        <test-method status="PASS" signature="about_us()[pri:6, instance:powerhouseed.powerhouseed.BasicTraversing@7c041b41]" name="about_us" duration-ms="3365" started-at="2018-01-17T23:47:49Z" finished-at="2018-01-17T23:47:52Z">
          <reporter-output>
          </reporter-output>
        </test-method> <!-- about_us -->
        <test-method status="PASS" signature="contact_us()[pri:7, instance:powerhouseed.powerhouseed.BasicTraversing@7c041b41]" name="contact_us" duration-ms="4626" started-at="2018-01-17T23:47:52Z" finished-at="2018-01-17T23:47:57Z">
          <reporter-output>
          </reporter-output>
        </test-method> <!-- contact_us -->
        <test-method status="PASS" signature="blog()[pri:8, instance:powerhouseed.powerhouseed.BasicTraversing@7c041b41]" name="blog" duration-ms="1151" started-at="2018-01-17T23:47:57Z" finished-at="2018-01-17T23:47:58Z">
          <reporter-output>
          </reporter-output>
        </test-method> <!-- blog -->
        <test-method status="PASS" signature="afterTest()[pri:0, instance:powerhouseed.powerhouseed.BasicTraversing@7c041b41]" name="afterTest" is-config="true" duration-ms="1" started-at="2018-01-17T23:47:58Z" finished-at="2018-01-17T23:47:58Z">
          <reporter-output>
          </reporter-output>
        </test-method> <!-- afterTest -->
      </class> <!-- powerhouseed.powerhouseed.BasicTraversing -->
    </test> <!-- Default test -->
  </suite> <!-- Default suite -->
</testng-results>
