<?xml version="1.0" encoding="UTF-8"?>
<testng-results skipped="0" failed="0" total="2" passed="2">
  <reporter-output>
  </reporter-output>
  <suite name="Default suite" duration-ms="55794" started-at="2017-09-28T06:00:40Z" finished-at="2017-09-28T06:01:36Z">
    <groups>
    </groups>
    <test name="Default test" duration-ms="55794" started-at="2017-09-28T06:00:40Z" finished-at="2017-09-28T06:01:36Z">
      <class name="BDI_Tech.BDI_Tech.Tech">
        <test-method status="PASS" signature="OpenBrowser()[pri:0, instance:BDI_Tech.BDI_Tech.Tech@f78a47e]" name="OpenBrowser" is-config="true" duration-ms="1165" started-at="2017-09-28T11:30:40Z" finished-at="2017-09-28T11:30:41Z">
          <reporter-output>
          </reporter-output>
        </test-method> <!-- OpenBrowser -->
        <test-method status="PASS" signature="CSRlogin_Logout()[pri:0, instance:BDI_Tech.BDI_Tech.Tech@f78a47e]" name="CSRlogin_Logout" duration-ms="43917" started-at="2017-09-28T11:30:41Z" finished-at="2017-09-28T11:31:25Z">
          <reporter-output>
          </reporter-output>
        </test-method> <!-- CSRlogin_Logout -->
        <test-method status="PASS" signature="AdminInvalidUserNamePassword()[pri:0, instance:BDI_Tech.BDI_Tech.Tech@f78a47e]" name="AdminInvalidUserNamePassword" duration-ms="10653" started-at="2017-09-28T11:31:25Z" finished-at="2017-09-28T11:31:36Z">
          <reporter-output>
          </reporter-output>
        </test-method> <!-- AdminInvalidUserNamePassword -->
      </class> <!-- BDI_Tech.BDI_Tech.Tech -->
    </test> <!-- Default test -->
  </suite> <!-- Default suite -->
</testng-results>
