<?xml version="1.0" encoding="UTF-8"?>
<!-- Generated by org.testng.reporters.JUnitXMLReporter -->
<testsuite hostname="DESKTOP-8JB1K2G" ignored="0" name="Default test" tests="8" failures="0" timestamp="17 Jan 2018 18:17:58 GMT" time="28.612" errors="0">
  <testcase name="Chronicle" time="11.155" classname="powerhouseed.powerhouseed.BasicTraversing"/>
  <testcase name="ChronicleNotes" time="2.513" classname="powerhouseed.powerhouseed.BasicTraversing"/>
  <testcase name="ChronicleU" time="2.559" classname="powerhouseed.powerhouseed.BasicTraversing"/>
  <testcase name="ESP" time="1.172" classname="powerhouseed.powerhouseed.BasicTraversing"/>
  <testcase name="testimonials" time="1.997" classname="powerhouseed.powerhouseed.BasicTraversing"/>
  <testcase name="about_us" time="3.365" classname="powerhouseed.powerhouseed.BasicTraversing"/>
  <testcase name="contact_us" time="4.626" classname="powerhouseed.powerhouseed.BasicTraversing"/>
  <testcase name="blog" time="1.151" classname="powerhouseed.powerhouseed.BasicTraversing"/>
</testsuite> <!-- Default test -->
