<?xml version="1.0" encoding="UTF-8"?>
<testng-results skipped="0" failed="2" total="18" passed="16">
  <reporter-output>
  </reporter-output>
  <suite name="Default suite" duration-ms="387939" started-at="2017-10-04T12:47:39Z" finished-at="2017-10-04T12:54:07Z">
    <groups>
    </groups>
    <test name="Default test" duration-ms="387939" started-at="2017-10-04T12:47:39Z" finished-at="2017-10-04T12:54:07Z">
      <class name="BDI_CSR.BDI_CSR.CSRTest">
        <test-method status="PASS" signature="OpenBrowser()[pri:0, instance:BDI_CSR.BDI_CSR.CSRTest@644baf4a]" name="OpenBrowser" is-config="true" duration-ms="1149" started-at="2017-10-04T18:17:39Z" finished-at="2017-10-04T18:17:40Z">
          <reporter-output>
          </reporter-output>
        </test-method> <!-- OpenBrowser -->
        <test-method status="FAIL" signature="CSRAddNewClientWithUsingValidInfo()[pri:0, instance:BDI_CSR.BDI_CSR.CSRTest@644baf4a]" name="CSRAddNewClientWithUsingValidInfo" duration-ms="57797" started-at="2017-10-04T18:17:40Z" finished-at="2017-10-04T18:18:38Z">
          <exception class="org.junit.ComparisonFailure">
            <message>
              <![CDATA[expected:<[Client with provided details is saved Successfully. New Case is also created.]> but was:<[]>]]>
            </message>
            <full-stacktrace>
              <![CDATA[org.junit.ComparisonFailure: expected:<[Client with provided details is saved Successfully. New Case is also created.]> but was:<[]>
	at org.junit.Assert.assertEquals(Assert.java:115)
	at org.junit.Assert.assertEquals(Assert.java:144)
	at BDI_CSR.BDI_CSR.CSRTest.CSRAddNewClientWithUsingValidInfo(CSRTest.java:173)
	at sun.reflect.NativeMethodAccessorImpl.invoke0(Native Method)
	at sun.reflect.NativeMethodAccessorImpl.invoke(NativeMethodAccessorImpl.java:62)
	at sun.reflect.DelegatingMethodAccessorImpl.invoke(DelegatingMethodAccessorImpl.java:43)
	at java.lang.reflect.Method.invoke(Method.java:498)
	at org.testng.internal.MethodInvocationHelper.invokeMethod(MethodInvocationHelper.java:80)
	at org.testng.internal.Invoker.invokeMethod(Invoker.java:714)
	at org.testng.internal.Invoker.invokeTestMethod(Invoker.java:901)
	at org.testng.internal.Invoker.invokeTestMethods(Invoker.java:1231)
	at org.testng.internal.TestMethodWorker.invokeTestMethods(TestMethodWorker.java:127)
	at org.testng.internal.TestMethodWorker.run(TestMethodWorker.java:111)
	at org.testng.TestRunner.privateRun(TestRunner.java:767)
	at org.testng.TestRunner.run(TestRunner.java:617)
	at org.testng.SuiteRunner.runTest(SuiteRunner.java:334)
	at org.testng.SuiteRunner.runSequentially(SuiteRunner.java:329)
	at org.testng.SuiteRunner.privateRun(SuiteRunner.java:291)
	at org.testng.SuiteRunner.run(SuiteRunner.java:240)
	at org.testng.SuiteRunnerWorker.runSuite(SuiteRunnerWorker.java:52)
	at org.testng.SuiteRunnerWorker.run(SuiteRunnerWorker.java:86)
	at org.testng.TestNG.runSuitesSequentially(TestNG.java:1198)
	at org.testng.TestNG.runSuitesLocally(TestNG.java:1123)
	at org.testng.TestNG.run(TestNG.java:1031)
	at org.testng.remote.AbstractRemoteTestNG.run(AbstractRemoteTestNG.java:132)
	at org.testng.remote.RemoteTestNG.initAndRun(RemoteTestNG.java:230)
	at org.testng.remote.RemoteTestNG.main(RemoteTestNG.java:76)
]]>
            </full-stacktrace>
          </exception> <!-- org.junit.ComparisonFailure -->
          <reporter-output>
          </reporter-output>
        </test-method> <!-- CSRAddNewClientWithUsingValidInfo -->
        <test-method status="PASS" signature="NewClientBlankName()[pri:0, instance:BDI_CSR.BDI_CSR.CSRTest@644baf4a]" name="NewClientBlankName" duration-ms="20390" started-at="2017-10-04T18:18:38Z" finished-at="2017-10-04T18:18:58Z">
          <reporter-output>
          </reporter-output>
        </test-method> <!-- NewClientBlankName -->
        <test-method status="PASS" signature="NewClientBlankLicence()[pri:0, instance:BDI_CSR.BDI_CSR.CSRTest@644baf4a]" name="NewClientBlankLicence" duration-ms="19823" started-at="2017-10-04T18:18:58Z" finished-at="2017-10-04T18:19:18Z">
          <reporter-output>
          </reporter-output>
        </test-method> <!-- NewClientBlankLicence -->
        <test-method status="PASS" signature="NewClientBlankAddress()[pri:0, instance:BDI_CSR.BDI_CSR.CSRTest@644baf4a]" name="NewClientBlankAddress" duration-ms="22575" started-at="2017-10-04T18:19:18Z" finished-at="2017-10-04T18:19:41Z">
          <reporter-output>
          </reporter-output>
        </test-method> <!-- NewClientBlankAddress -->
        <test-method status="PASS" signature="NewClientBlanState()[pri:0, instance:BDI_CSR.BDI_CSR.CSRTest@644baf4a]" name="NewClientBlanState" duration-ms="17117" started-at="2017-10-04T18:19:41Z" finished-at="2017-10-04T18:19:58Z">
          <reporter-output>
          </reporter-output>
        </test-method> <!-- NewClientBlanState -->
        <test-method status="PASS" signature="NewClientBlankCity()[pri:0, instance:BDI_CSR.BDI_CSR.CSRTest@644baf4a]" name="NewClientBlankCity" duration-ms="19708" started-at="2017-10-04T18:19:58Z" finished-at="2017-10-04T18:20:18Z">
          <reporter-output>
          </reporter-output>
        </test-method> <!-- NewClientBlankCity -->
        <test-method status="PASS" signature="NewClientBlankZIP()[pri:0, instance:BDI_CSR.BDI_CSR.CSRTest@644baf4a]" name="NewClientBlankZIP" duration-ms="20514" started-at="2017-10-04T18:20:18Z" finished-at="2017-10-04T18:20:38Z">
          <reporter-output>
          </reporter-output>
        </test-method> <!-- NewClientBlankZIP -->
        <test-method status="PASS" signature="NewClientBlankPhone()[pri:0, instance:BDI_CSR.BDI_CSR.CSRTest@644baf4a]" name="NewClientBlankPhone" duration-ms="20046" started-at="2017-10-04T18:20:38Z" finished-at="2017-10-04T18:20:58Z">
          <reporter-output>
          </reporter-output>
        </test-method> <!-- NewClientBlankPhone -->
        <test-method status="PASS" signature="NewClientBlankEmail()[pri:0, instance:BDI_CSR.BDI_CSR.CSRTest@644baf4a]" name="NewClientBlankEmail" duration-ms="20448" started-at="2017-10-04T18:20:58Z" finished-at="2017-10-04T18:21:19Z">
          <reporter-output>
          </reporter-output>
        </test-method> <!-- NewClientBlankEmail -->
        <test-method status="PASS" signature="NewClientBlankDOB()[pri:0, instance:BDI_CSR.BDI_CSR.CSRTest@644baf4a]" name="NewClientBlankDOB" duration-ms="20017" started-at="2017-10-04T18:21:19Z" finished-at="2017-10-04T18:21:39Z">
          <reporter-output>
          </reporter-output>
        </test-method> <!-- NewClientBlankDOB -->
        <test-method status="FAIL" signature="Client_InvalidName()[pri:0, instance:BDI_CSR.BDI_CSR.CSRTest@644baf4a]" name="Client_InvalidName" duration-ms="215" started-at="2017-10-04T18:21:39Z" finished-at="2017-10-04T18:21:39Z">
          <exception class="org.openqa.selenium.NoSuchElementException">
            <message>
              <![CDATA[no such element: Unable to locate element: {"method":"name","selector":"username"}
  (Session info: chrome=61.0.3163.100)
  (Driver info: chromedriver=2.30.477700 (0057494ad8732195794a7b32078424f92a5fce41),platform=Windows NT 10.0.15063 x86_64) (WARNING: The server did not provide any stacktrace information)
Command duration or timeout: 29 milliseconds
For documentation on this error, please visit: http://seleniumhq.org/exceptions/no_such_element.html
Build info: version: '3.4.0', revision: 'unknown', time: 'unknown'
System info: host: 'GATE6-70', ip: '192.168.237.2', os.name: 'Windows 10', os.arch: 'amd64', os.version: '10.0', java.version: '1.8.0_144'
Driver info: org.openqa.selenium.chrome.ChromeDriver
Capabilities [{applicationCacheEnabled=false, rotatable=false, mobileEmulationEnabled=false, networkConnectionEnabled=false, chrome={chromedriverVersion=2.30.477700 (0057494ad8732195794a7b32078424f92a5fce41), userDataDir=C:\Users\Owner\AppData\Local\Temp\scoped_dir7744_10864}, takesHeapSnapshot=true, pageLoadStrategy=normal, databaseEnabled=false, handlesAlerts=true, hasTouchScreen=false, version=61.0.3163.100, platform=XP, browserConnectionEnabled=false, nativeEvents=true, acceptSslCerts=true, locationContextEnabled=true, webStorageEnabled=true, browserName=chrome, takesScreenshot=true, javascriptEnabled=true, cssSelectorsEnabled=true, unexpectedAlertBehaviour=}]
Session ID: ffe9e45fe4e8ebd462466f06394c9475
*** Element info: {Using=name, value=username}]]>
            </message>
            <full-stacktrace>
              <![CDATA[org.openqa.selenium.NoSuchElementException: no such element: Unable to locate element: {"method":"name","selector":"username"}
  (Session info: chrome=61.0.3163.100)
  (Driver info: chromedriver=2.30.477700 (0057494ad8732195794a7b32078424f92a5fce41),platform=Windows NT 10.0.15063 x86_64) (WARNING: The server did not provide any stacktrace information)
Command duration or timeout: 29 milliseconds
For documentation on this error, please visit: http://seleniumhq.org/exceptions/no_such_element.html
Build info: version: '3.4.0', revision: 'unknown', time: 'unknown'
System info: host: 'GATE6-70', ip: '192.168.237.2', os.name: 'Windows 10', os.arch: 'amd64', os.version: '10.0', java.version: '1.8.0_144'
Driver info: org.openqa.selenium.chrome.ChromeDriver
Capabilities [{applicationCacheEnabled=false, rotatable=false, mobileEmulationEnabled=false, networkConnectionEnabled=false, chrome={chromedriverVersion=2.30.477700 (0057494ad8732195794a7b32078424f92a5fce41), userDataDir=C:\Users\Owner\AppData\Local\Temp\scoped_dir7744_10864}, takesHeapSnapshot=true, pageLoadStrategy=normal, databaseEnabled=false, handlesAlerts=true, hasTouchScreen=false, version=61.0.3163.100, platform=XP, browserConnectionEnabled=false, nativeEvents=true, acceptSslCerts=true, locationContextEnabled=true, webStorageEnabled=true, browserName=chrome, takesScreenshot=true, javascriptEnabled=true, cssSelectorsEnabled=true, unexpectedAlertBehaviour=}]
Session ID: ffe9e45fe4e8ebd462466f06394c9475
*** Element info: {Using=name, value=username}
	at sun.reflect.NativeConstructorAccessorImpl.newInstance0(Native Method)
	at sun.reflect.NativeConstructorAccessorImpl.newInstance(NativeConstructorAccessorImpl.java:62)
	at sun.reflect.DelegatingConstructorAccessorImpl.newInstance(DelegatingConstructorAccessorImpl.java:45)
	at java.lang.reflect.Constructor.newInstance(Constructor.java:423)
	at org.openqa.selenium.remote.ErrorHandler.createThrowable(ErrorHandler.java:215)
	at org.openqa.selenium.remote.ErrorHandler.throwIfResponseFailed(ErrorHandler.java:167)
	at org.openqa.selenium.remote.RemoteWebDriver.execute(RemoteWebDriver.java:671)
	at org.openqa.selenium.remote.RemoteWebDriver.findElement(RemoteWebDriver.java:410)
	at org.openqa.selenium.remote.RemoteWebDriver.findElementByName(RemoteWebDriver.java:485)
	at org.openqa.selenium.By$ByName.findElement(By.java:303)
	at org.openqa.selenium.remote.RemoteWebDriver.findElement(RemoteWebDriver.java:402)
	at BDI_CSR.BDI_CSR.CSRTest.Client_InvalidName(CSRTest.java:715)
	at sun.reflect.NativeMethodAccessorImpl.invoke0(Native Method)
	at sun.reflect.NativeMethodAccessorImpl.invoke(NativeMethodAccessorImpl.java:62)
	at sun.reflect.DelegatingMethodAccessorImpl.invoke(DelegatingMethodAccessorImpl.java:43)
	at java.lang.reflect.Method.invoke(Method.java:498)
	at org.testng.internal.MethodInvocationHelper.invokeMethod(MethodInvocationHelper.java:80)
	at org.testng.internal.Invoker.invokeMethod(Invoker.java:714)
	at org.testng.internal.Invoker.invokeTestMethod(Invoker.java:901)
	at org.testng.internal.Invoker.invokeTestMethods(Invoker.java:1231)
	at org.testng.internal.TestMethodWorker.invokeTestMethods(TestMethodWorker.java:127)
	at org.testng.internal.TestMethodWorker.run(TestMethodWorker.java:111)
	at org.testng.TestRunner.privateRun(TestRunner.java:767)
	at org.testng.TestRunner.run(TestRunner.java:617)
	at org.testng.SuiteRunner.runTest(SuiteRunner.java:334)
	at org.testng.SuiteRunner.runSequentially(SuiteRunner.java:329)
	at org.testng.SuiteRunner.privateRun(SuiteRunner.java:291)
	at org.testng.SuiteRunner.run(SuiteRunner.java:240)
	at org.testng.SuiteRunnerWorker.runSuite(SuiteRunnerWorker.java:52)
	at org.testng.SuiteRunnerWorker.run(SuiteRunnerWorker.java:86)
	at org.testng.TestNG.runSuitesSequentially(TestNG.java:1198)
	at org.testng.TestNG.runSuitesLocally(TestNG.java:1123)
	at org.testng.TestNG.run(TestNG.java:1031)
	at org.testng.remote.AbstractRemoteTestNG.run(AbstractRemoteTestNG.java:132)
	at org.testng.remote.RemoteTestNG.initAndRun(RemoteTestNG.java:230)
	at org.testng.remote.RemoteTestNG.main(RemoteTestNG.java:76)
]]>
            </full-stacktrace>
          </exception> <!-- org.openqa.selenium.NoSuchElementException -->
          <reporter-output>
          </reporter-output>
        </test-method> <!-- Client_InvalidName -->
        <test-method status="PASS" signature="NewClientInvalidLicence()[pri:0, instance:BDI_CSR.BDI_CSR.CSRTest@644baf4a]" name="NewClientInvalidLicence" duration-ms="15799" started-at="2017-10-04T18:21:39Z" finished-at="2017-10-04T18:21:55Z">
          <reporter-output>
          </reporter-output>
        </test-method> <!-- NewClientInvalidLicence -->
        <test-method status="PASS" signature="NewClientInvalidZIP()[pri:0, instance:BDI_CSR.BDI_CSR.CSRTest@644baf4a]" name="NewClientInvalidZIP" duration-ms="20466" started-at="2017-10-04T18:21:55Z" finished-at="2017-10-04T18:22:15Z">
          <reporter-output>
          </reporter-output>
        </test-method> <!-- NewClientInvalidZIP -->
        <test-method status="PASS" signature="NewClientInvalidPhone()[pri:0, instance:BDI_CSR.BDI_CSR.CSRTest@644baf4a]" name="NewClientInvalidPhone" duration-ms="20041" started-at="2017-10-04T18:22:15Z" finished-at="2017-10-04T18:22:35Z">
          <reporter-output>
          </reporter-output>
        </test-method> <!-- NewClientInvalidPhone -->
        <test-method status="PASS" signature="NewClientInvalidEmail()[pri:0, instance:BDI_CSR.BDI_CSR.CSRTest@644baf4a]" name="NewClientInvalidEmail" duration-ms="20883" started-at="2017-10-04T18:22:35Z" finished-at="2017-10-04T18:22:56Z">
          <reporter-output>
          </reporter-output>
        </test-method> <!-- NewClientInvalidEmail -->
        <test-method status="PASS" signature="NewInvalidDOB()[pri:0, instance:BDI_CSR.BDI_CSR.CSRTest@644baf4a]" name="NewInvalidDOB" duration-ms="23188" started-at="2017-10-04T18:22:56Z" finished-at="2017-10-04T18:23:19Z">
          <reporter-output>
          </reporter-output>
        </test-method> <!-- NewInvalidDOB -->
        <test-method status="PASS" signature="CourtInvalidEmail()[pri:0, instance:BDI_CSR.BDI_CSR.CSRTest@644baf4a]" name="CourtInvalidEmail" duration-ms="24898" started-at="2017-10-04T18:23:19Z" finished-at="2017-10-04T18:23:44Z">
          <reporter-output>
          </reporter-output>
        </test-method> <!-- CourtInvalidEmail -->
        <test-method status="PASS" signature="CourtInvalidContactNumber()[pri:0, instance:BDI_CSR.BDI_CSR.CSRTest@644baf4a]" name="CourtInvalidContactNumber" duration-ms="22812" started-at="2017-10-04T18:23:44Z" finished-at="2017-10-04T18:24:07Z">
          <reporter-output>
          </reporter-output>
        </test-method> <!-- CourtInvalidContactNumber -->
      </class> <!-- BDI_CSR.BDI_CSR.CSRTest -->
    </test> <!-- Default test -->
  </suite> <!-- Default suite -->
</testng-results>
